Build started 2019/12/26 下午8:56:20.
     1>Project "Y:\books\train\Rootkit-saudi\labs\Day3-persistence\WPM\NewGdpLib\NewGdpLib.vcxproj" on node 2 (Rebuild target(s)).
     1>ClCompile:
         C:\Program Files (x86)\Microsoft Visual Studio 12.0\VC\bin\CL.exe /c /Zi /nologo /W3 /WX- /sdl /O2 /Oi /Oy- /D _USING_V110_SDK71_ /D _UNICODE /D UNICODE /Gm- /EHsc /MT /GS /Gy /fp:precise /Zc:wchar_t /Zc:forScope /Fo"Release MT\\" /Fd"Release MT\vc120.pdb" /Gd /TP /analyze- /errorReport:prompt ..\Src\DumpLog\Log.cpp ..\Src\DumpLog\ProgramLog.cpp ..\Src\json\src\json_reader.cpp ..\Src\json\src\json_value.cpp ..\Src\json\src\json_writer.cpp ..\Src\Net\HttpDownload\HttpClient.cpp ..\Src\Net\HttpDownload\TcpipSocket.cpp ..\Src\Net\HttpDownload\UTL_FileTime.cpp ..\Src\Report\GReport.cpp ..\Src\Report\report.cpp ..\Src\Safe\dynamicFunction.cpp ..\Src\Safe\eBase64.cpp ..\Src\Safe\MD5.cpp ..\Src\Safe\StrEncrypt.cpp ..\Src\Strings\StringsHelper.cpp ..\Src\tinyXml\tinystr.cpp ..\Src\tinyXml\tinyxml.cpp ..\Src\tinyXml\tinyxmlerror.cpp ..\Src\tinyXml\tinyxmlparser.cpp ..\Src\Utilities\eRegOpt.cpp ..\Src\Utilities\FileVersion.cpp ..\Src\Utilities\GetCRC32.cpp ..\Src\Utilities\NationLanguage.cpp ..\Src\Utilities\uid.cpp ..\Src\Utilities\Util.cpp
         Log.cpp
         ProgramLog.cpp
         json_reader.cpp
         json_value.cpp
     1>..\Src\json\src\json_value.cpp(1154): warning C4172: returning address of local variable or temporary
         json_writer.cpp
         HttpClient.cpp
         TcpipSocket.cpp
         UTL_FileTime.cpp
         GReport.cpp
         report.cpp
         dynamicFunction.cpp
         eBase64.cpp
         MD5.cpp
     1>..\Src\Safe\MD5.cpp(137): warning C4309: '=' : truncation of constant value
     1>..\Src\Safe\MD5.cpp(251): warning C4309: '=' : truncation of constant value
         StrEncrypt.cpp
         StringsHelper.cpp
         tinystr.cpp
         tinyxml.cpp
         tinyxmlerror.cpp
         tinyxmlparser.cpp
         eRegOpt.cpp
         Generating Code...
         Compiling...
         FileVersion.cpp
         GetCRC32.cpp
         NationLanguage.cpp
         uid.cpp
         Util.cpp
     1>..\Src\Utilities\Util.cpp(269): warning C4129: '*' : unrecognized character escape sequence
         Generating Code...
       Lib:
         C:\Program Files (x86)\Microsoft Visual Studio 12.0\VC\bin\Lib.exe /OUT:"Y:\books\train\Rootkit-saudi\labs\Day3-persistence\WPM\bin\lib\Release MT\WPMV2Lib.lib" /NOLOGO /LTCG "Release MT\Log.obj"
         "Release MT\ProgramLog.obj"
         "Release MT\json_reader.obj"
         "Release MT\json_value.obj"
         "Release MT\json_writer.obj"
         "Release MT\HttpClient.obj"
         "Release MT\TcpipSocket.obj"
         "Release MT\UTL_FileTime.obj"
         "Release MT\GReport.obj"
         "Release MT\report.obj"
         "Release MT\dynamicFunction.obj"
         "Release MT\eBase64.obj"
         "Release MT\MD5.obj"
         "Release MT\StrEncrypt.obj"
         "Release MT\StringsHelper.obj"
         "Release MT\tinystr.obj"
         "Release MT\tinyxml.obj"
         "Release MT\tinyxmlerror.obj"
         "Release MT\tinyxmlparser.obj"
         "Release MT\eRegOpt.obj"
         "Release MT\FileVersion.obj"
         "Release MT\GetCRC32.obj"
         "Release MT\NationLanguage.obj"
         "Release MT\uid.obj"
         "Release MT\Util.obj"
         NewGdpLib.vcxproj -> Y:\books\train\Rootkit-saudi\labs\Day3-persistence\WPM\bin\lib\Release MT\WPMV2Lib.lib
     1>Done Building Project "Y:\books\train\Rootkit-saudi\labs\Day3-persistence\WPM\NewGdpLib\NewGdpLib.vcxproj" (Rebuild target(s)).

Build succeeded.

Time Elapsed 00:00:13.48
