y:\books\train\rootkit-saudi\labs\day3-persistence\wpm\bin\lib\release mt\wpmv2lib.lib
y:\books\train\rootkit-saudi\labs\day3-persistence\wpm\newgdplib\release mt\vc120.pdb
y:\books\train\rootkit-saudi\labs\day3-persistence\wpm\newgdplib\release mt\eregopt.obj
y:\books\train\rootkit-saudi\labs\day3-persistence\wpm\newgdplib\release mt\tinyxmlparser.obj
y:\books\train\rootkit-saudi\labs\day3-persistence\wpm\newgdplib\release mt\tinyxmlerror.obj
y:\books\train\rootkit-saudi\labs\day3-persistence\wpm\newgdplib\release mt\tinyxml.obj
y:\books\train\rootkit-saudi\labs\day3-persistence\wpm\newgdplib\release mt\tinystr.obj
y:\books\train\rootkit-saudi\labs\day3-persistence\wpm\newgdplib\release mt\stringshelper.obj
y:\books\train\rootkit-saudi\labs\day3-persistence\wpm\newgdplib\release mt\strencrypt.obj
y:\books\train\rootkit-saudi\labs\day3-persistence\wpm\newgdplib\release mt\md5.obj
y:\books\train\rootkit-saudi\labs\day3-persistence\wpm\newgdplib\release mt\ebase64.obj
y:\books\train\rootkit-saudi\labs\day3-persistence\wpm\newgdplib\release mt\dynamicfunction.obj
y:\books\train\rootkit-saudi\labs\day3-persistence\wpm\newgdplib\release mt\report.obj
y:\books\train\rootkit-saudi\labs\day3-persistence\wpm\newgdplib\release mt\greport.obj
y:\books\train\rootkit-saudi\labs\day3-persistence\wpm\newgdplib\release mt\utl_filetime.obj
y:\books\train\rootkit-saudi\labs\day3-persistence\wpm\newgdplib\release mt\tcpipsocket.obj
y:\books\train\rootkit-saudi\labs\day3-persistence\wpm\newgdplib\release mt\httpclient.obj
y:\books\train\rootkit-saudi\labs\day3-persistence\wpm\newgdplib\release mt\json_writer.obj
y:\books\train\rootkit-saudi\labs\day3-persistence\wpm\newgdplib\release mt\json_value.obj
y:\books\train\rootkit-saudi\labs\day3-persistence\wpm\newgdplib\release mt\json_reader.obj
y:\books\train\rootkit-saudi\labs\day3-persistence\wpm\newgdplib\release mt\programlog.obj
y:\books\train\rootkit-saudi\labs\day3-persistence\wpm\newgdplib\release mt\log.obj
y:\books\train\rootkit-saudi\labs\day3-persistence\wpm\newgdplib\release mt\util.obj
y:\books\train\rootkit-saudi\labs\day3-persistence\wpm\newgdplib\release mt\uid.obj
y:\books\train\rootkit-saudi\labs\day3-persistence\wpm\newgdplib\release mt\nationlanguage.obj
y:\books\train\rootkit-saudi\labs\day3-persistence\wpm\newgdplib\release mt\getcrc32.obj
y:\books\train\rootkit-saudi\labs\day3-persistence\wpm\newgdplib\release mt\fileversion.obj
y:\books\train\rootkit-saudi\labs\day3-persistence\wpm\newgdplib\release mt\wpmv2lib.tlog\cl.read.1.tlog
y:\books\train\rootkit-saudi\labs\day3-persistence\wpm\newgdplib\release mt\wpmv2lib.tlog\lib.command.1.tlog
y:\books\train\rootkit-saudi\labs\day3-persistence\wpm\newgdplib\release mt\wpmv2lib.tlog\cl.command.1.tlog
y:\books\train\rootkit-saudi\labs\day3-persistence\wpm\newgdplib\release mt\wpmv2lib.tlog\lib-link.read.1.tlog
y:\books\train\rootkit-saudi\labs\day3-persistence\wpm\newgdplib\release mt\wpmv2lib.tlog\lib-link.write.1.tlog
y:\books\train\rootkit-saudi\labs\day3-persistence\wpm\newgdplib\release mt\wpmv2lib.tlog\cl.write.1.tlog
