Build started 2019/12/26 下午7:22:28.
     1>Project "Y:\books\train\Rootkit-saudi\labs\Day3-persistence\WPM\NewGdpLib\NewGdpLib.vcxproj" on node 2 (Rebuild target(s)).
     1>ClCompile:
         C:\Program Files (x86)\Microsoft Visual Studio 12.0\VC\bin\CL.exe /c /ZI /nologo /W3 /WX- /sdl /Od /Oy- /D _USING_V110_SDK71_ /D _UNICODE /D UNICODE /Gm /EHsc /RTC1 /MTd /GS /fp:precise /Zc:wchar_t /Zc:forScope /Fo"Debug\\" /Fd"Debug\vc120.pdb" /Gd /TP /analyze- /errorReport:prompt ..\Src\DumpLog\Log.cpp ..\Src\DumpLog\ProgramLog.cpp ..\Src\json\src\json_reader.cpp ..\Src\json\src\json_value.cpp ..\Src\json\src\json_writer.cpp ..\Src\Net\HttpDownload\HttpClient.cpp ..\Src\Net\HttpDownload\TcpipSocket.cpp ..\Src\Net\HttpDownload\UTL_FileTime.cpp ..\Src\Report\GReport.cpp ..\Src\Report\report.cpp ..\Src\Safe\dynamicFunction.cpp ..\Src\Safe\eBase64.cpp ..\Src\Safe\MD5.cpp ..\Src\Safe\StrEncrypt.cpp ..\Src\Strings\StringsHelper.cpp ..\Src\tinyXml\tinystr.cpp ..\Src\tinyXml\tinyxml.cpp ..\Src\tinyXml\tinyxmlerror.cpp ..\Src\tinyXml\tinyxmlparser.cpp ..\Src\Utilities\eRegOpt.cpp ..\Src\Utilities\FileVersion.cpp ..\Src\Utilities\GetCRC32.cpp ..\Src\Utilities\NationLanguage.cpp ..\Src\Utilities\uid.cpp ..\Src\Utilities\Util.cpp
         Util.cpp
     1>y:\books\train\rootkit-saudi\labs\day3-persistence\wpm\src\utilities\util.cpp(269): warning C4129: '*' : unrecognized character escape sequence
         uid.cpp
         NationLanguage.cpp
         GetCRC32.cpp
         FileVersion.cpp
         eRegOpt.cpp
         tinyxmlparser.cpp
         tinyxmlerror.cpp
         tinyxml.cpp
         tinystr.cpp
         StringsHelper.cpp
         StrEncrypt.cpp
         MD5.cpp
     1>y:\books\train\rootkit-saudi\labs\day3-persistence\wpm\src\safe\md5.cpp(137): warning C4309: '=' : truncation of constant value
     1>y:\books\train\rootkit-saudi\labs\day3-persistence\wpm\src\safe\md5.cpp(251): warning C4309: '=' : truncation of constant value
         eBase64.cpp
         dynamicFunction.cpp
         report.cpp
         GReport.cpp
         UTL_FileTime.cpp
         TcpipSocket.cpp
         HttpClient.cpp
         Generating Code...
         Compiling...
         json_writer.cpp
         json_value.cpp
     1>y:\books\train\rootkit-saudi\labs\day3-persistence\wpm\src\json\src\json_value.cpp(1154): warning C4172: returning address of local variable or temporary
         json_reader.cpp
         ProgramLog.cpp
         Log.cpp
         Generating Code...
       Lib:
         C:\Program Files (x86)\Microsoft Visual Studio 12.0\VC\bin\Lib.exe /OUT:"Y:\books\train\Rootkit-saudi\labs\Day3-persistence\WPM\bin\lib\Debug\WPMV2Lib.lib" /NOLOGO Debug\Log.obj
         Debug\ProgramLog.obj
         Debug\json_reader.obj
         Debug\json_value.obj
         Debug\json_writer.obj
         Debug\HttpClient.obj
         Debug\TcpipSocket.obj
         Debug\UTL_FileTime.obj
         Debug\GReport.obj
         Debug\report.obj
         Debug\dynamicFunction.obj
         Debug\eBase64.obj
         Debug\MD5.obj
         Debug\StrEncrypt.obj
         Debug\StringsHelper.obj
         Debug\tinystr.obj
         Debug\tinyxml.obj
         Debug\tinyxmlerror.obj
         Debug\tinyxmlparser.obj
         Debug\eRegOpt.obj
         Debug\FileVersion.obj
         Debug\GetCRC32.obj
         Debug\NationLanguage.obj
         Debug\uid.obj
         Debug\Util.obj
         NewGdpLib.vcxproj -> Y:\books\train\Rootkit-saudi\labs\Day3-persistence\WPM\bin\lib\Debug\WPMV2Lib.lib
     1>Done Building Project "Y:\books\train\Rootkit-saudi\labs\Day3-persistence\WPM\NewGdpLib\NewGdpLib.vcxproj" (Rebuild target(s)).

Build succeeded.

Time Elapsed 00:00:13.52
