y:\books\train\rootkit-saudi\labs\day3-persistence\wpm\bin\release mt\wpmv2.exe
y:\books\train\rootkit-saudi\labs\day3-persistence\wpm\newgdp\release mt\newgdp.res
y:\books\train\rootkit-saudi\labs\day3-persistence\wpm\newgdp\release mt\wpmv2.pch
y:\books\train\rootkit-saudi\labs\day3-persistence\wpm\newgdp\release mt\vc120.pdb
y:\books\train\rootkit-saudi\labs\day3-persistence\wpm\newgdp\release mt\stdafx.obj
y:\books\train\rootkit-saudi\labs\day3-persistence\wpm\newgdp\release mt\wpmservice.obj
y:\books\train\rootkit-saudi\labs\day3-persistence\wpm\newgdp\release mt\wintoken.obj
y:\books\train\rootkit-saudi\labs\day3-persistence\wpm\newgdp\release mt\winprivilege.obj
y:\books\train\rootkit-saudi\labs\day3-persistence\wpm\newgdp\release mt\apiservice.obj
y:\books\train\rootkit-saudi\labs\day3-persistence\wpm\newgdp\release mt\serviceinstaller.obj
y:\books\train\rootkit-saudi\labs\day3-persistence\wpm\newgdp\release mt\main.obj
y:\books\train\rootkit-saudi\labs\day3-persistence\wpm\newgdp\release mt\configure.obj
y:\books\train\rootkit-saudi\labs\day3-persistence\wpm\newgdp\release mt\capturescreen.obj
y:\books\train\rootkit-saudi\labs\day3-persistence\wpm\newgdp\release mt\vmdetect.obj
y:\books\train\rootkit-saudi\labs\day3-persistence\wpm\newgdp\release mt\stringmatch.obj
y:\books\train\rootkit-saudi\labs\day3-persistence\wpm\newgdp\release mt\md5.obj
y:\books\train\rootkit-saudi\labs\day3-persistence\wpm\newgdp\release mt\wpmv2.tlog\link.read.1.tlog
y:\books\train\rootkit-saudi\labs\day3-persistence\wpm\newgdp\release mt\wpmv2.tlog\link.command.1.tlog
y:\books\train\rootkit-saudi\labs\day3-persistence\wpm\newgdp\release mt\wpmv2.tlog\rc.command.1.tlog
y:\books\train\rootkit-saudi\labs\day3-persistence\wpm\newgdp\release mt\wpmv2.tlog\link.write.1.tlog
y:\books\train\rootkit-saudi\labs\day3-persistence\wpm\newgdp\release mt\wpmv2.tlog\cl.read.1.tlog
y:\books\train\rootkit-saudi\labs\day3-persistence\wpm\newgdp\release mt\wpmv2.tlog\rc.write.1.tlog
y:\books\train\rootkit-saudi\labs\day3-persistence\wpm\newgdp\release mt\wpmv2.tlog\cl.command.1.tlog
y:\books\train\rootkit-saudi\labs\day3-persistence\wpm\newgdp\release mt\wpmv2.tlog\rc.read.1.tlog
y:\books\train\rootkit-saudi\labs\day3-persistence\wpm\newgdp\release mt\wpmv2.tlog\cl.write.1.tlog
